2026-07-13 09:00:04.066455: I tensorflow/core/util/port.cc:153] oneDNN custom operations are on. You may see slightly different numerical results due to floating-point round-off errors from different computation orders. To turn them off, set the environment variable `TF_ENABLE_ONEDNN_OPTS=0`.
2026-07-13 09:00:04.079287: E external/local_xla/xla/stream_executor/cuda/cuda_fft.cc:485] Unable to register cuFFT factory: Attempting to register factory for plugin cuFFT when one has already been registered
2026-07-13 09:00:04.092890: E external/local_xla/xla/stream_executor/cuda/cuda_dnn.cc:8454] Unable to register cuDNN factory: Attempting to register factory for plugin cuDNN when one has already been registered
2026-07-13 09:00:04.096692: E external/local_xla/xla/stream_executor/cuda/cuda_blas.cc:1452] Unable to register cuBLAS factory: Attempting to register factory for plugin cuBLAS when one has already been registered
2026-07-13 09:00:04.107003: I tensorflow/core/platform/cpu_feature_guard.cc:210] This TensorFlow binary is optimized to use available CPU instructions in performance-critical operations.
To enable the following instructions: AVX2 AVX512F AVX512_VNNI AVX512_BF16 AVX512_FP16 AVX_VNNI AMX_TILE AMX_INT8 AMX_BF16 FMA, in other operations, rebuild TensorFlow with the appropriate compiler flags.
2026-07-13 09:00:04.615748: W tensorflow/compiler/tf2tensorrt/utils/py_utils.cc:38] TF-TRT Warning: Could not find TensorRT
Global seed set to 123
>>> FP16 autocast enabled
>>> FP16 matmul reduced-precision reduction disabled
>>> Meta-device architecture initialization enabled
>>> DDIM steps: action=50, video=50
>>> Final-only output enabled: skipping TensorBoard and per-iteration MP4 files
>>> Async per-iteration output ignored by final-only mode
>>> Skipping redundant OpenCLIP pretrained loads
>>> Skipping unused inference action EMA model
>>> Checkpoint weights_only mmap enabled
>>> Checkpoint assign loading enabled
INFO:mainlogger:LatentVisualDiffusion: Running in v-prediction mode
INFO:unifolm_wma.models.diffusion_head.conditional_unet1d:number of parameters: 5.010531e+08
INFO:unifolm_wma.models.diffusion_head.conditional_unet1d:number of parameters: 5.010531e+08
AE working on z of shape (1, 4, 32, 32) = 4096 dimensions.
INFO:root:Loaded ViT-H-14 model config.
INFO:root:Loaded ViT-H-14 model config.
>>> Skipped 345 unused inference EMA tensors
>>> Meta runtime buffers materialized: buffers=7, handlers=5
>>> model checkpoint loaded.
>>> Load pre-trained model ...
INFO:root:***** Configing Data *****
>>> unitree_z1_stackbox: 1 data samples loaded.
>>> unitree_z1_stackbox: data stats loaded.
>>> unitree_z1_stackbox: normalizer initiated.
>>> unitree_z1_dual_arm_stackbox: 1 data samples loaded.
>>> unitree_z1_dual_arm_stackbox: data stats loaded.
>>> unitree_z1_dual_arm_stackbox: normalizer initiated.
>>> unitree_z1_dual_arm_stackbox_v2: 1 data samples loaded.
>>> unitree_z1_dual_arm_stackbox_v2: data stats loaded.
>>> unitree_z1_dual_arm_stackbox_v2: normalizer initiated.
>>> unitree_z1_dual_arm_cleanup_pencils: 1 data samples loaded.
>>> unitree_z1_dual_arm_cleanup_pencils: data stats loaded.
>>> unitree_z1_dual_arm_cleanup_pencils: normalizer initiated.
>>> unitree_g1_pack_camera: 1 data samples loaded.
>>> unitree_g1_pack_camera: data stats loaded.
>>> unitree_g1_pack_camera: normalizer initiated.
>>> Dataset is successfully loaded ...
>>> PyTorch SDPA enabled for masked agent-action attention
>>> Sampler-level action/state observation cache enabled
>>> Generic action/state head ABI validated: tensors=347
>>> Exported generic phase-head pruning enabled: one action-shaped graph, phase-selectable lifted weights
>>> torch.compile fixed hybrid denoiser enabled: backend=inductor, mode=default, fullgraph=True, dynamic=False, fx_graph_cache=True
>>> Generate 16 frames under each generation ...
DEBUG:h5py._conv:Creating converter from 3 to 5
DEBUG:PIL.PngImagePlugin:STREAM b'IHDR' 16 13
DEBUG:PIL.PngImagePlugin:STREAM b'pHYs' 41 9
DEBUG:PIL.PngImagePlugin:STREAM b'IDAT' 62 4096
  0%|          | 0/11 [00:00<?, ?it/s]  9%|▉         | 1/11 [00:20<03:24, 20.41s/it] 18%|█▊        | 2/11 [00:37<02:43, 18.19s/it] 27%|██▋       | 3/11 [00:53<02:20, 17.58s/it] 36%|███▋      | 4/11 [01:10<02:00, 17.25s/it] 45%|████▌     | 5/11 [01:27<01:43, 17.19s/it] 55%|█████▍    | 6/11 [01:44<01:25, 17.15s/it] 64%|██████▎   | 7/11 [02:01<01:08, 17.11s/it] 73%|███████▎  | 8/11 [02:19<00:51, 17.17s/it] 82%|████████▏ | 9/11 [02:36<00:34, 17.15s/it] 91%|█████████ | 10/11 [02:53<00:17, 17.20s/it]100%|██████████| 11/11 [03:10<00:00, 17.16s/it]100%|██████████| 11/11 [03:10<00:00, 17.33s/it]
>>> Step 0: generating actions ...
>>> AOTInductor precompiled graph loaded: seconds=0.001, size_mib=2.700
>>> Exported generic phase graph prepared: inputs=1867, user_inputs=9, graph_cache_hit=True, export_seconds=0.000
>>> Step 0: interacting with world model ...
>>>>>>>>>>>>>>>>>>>>>>>>
>>> Step 1: generating actions ...
>>> Step 1: interacting with world model ...
>>>>>>>>>>>>>>>>>>>>>>>>
>>> Step 2: generating actions ...
>>> Step 2: interacting with world model ...
>>>>>>>>>>>>>>>>>>>>>>>>
>>> Step 3: generating actions ...
>>> Step 3: interacting with world model ...
>>>>>>>>>>>>>>>>>>>>>>>>
>>> Step 4: generating actions ...
>>> Step 4: interacting with world model ...
>>>>>>>>>>>>>>>>>>>>>>>>
>>> Step 5: generating actions ...
>>> Step 5: interacting with world model ...
>>>>>>>>>>>>>>>>>>>>>>>>
>>> Step 6: generating actions ...
>>> Step 6: interacting with world model ...
>>>>>>>>>>>>>>>>>>>>>>>>
>>> Step 7: generating actions ...
>>> Step 7: interacting with world model ...
>>>>>>>>>>>>>>>>>>>>>>>>
>>> Step 8: generating actions ...
>>> Step 8: interacting with world model ...
>>>>>>>>>>>>>>>>>>>>>>>>
>>> Step 9: generating actions ...
>>> Step 9: interacting with world model ...
>>>>>>>>>>>>>>>>>>>>>>>>
>>> Step 10: generating actions ...
>>> Step 10: interacting with world model ...
>>>>>>>>>>>>>>>>>>>>>>>>
>>> torch.compile summary
>>> COMPILE aot_artifact_mib: 2.6997909545898438
>>> COMPILE aot_load_seconds: 0.000979080330580473
>>> COMPILE compiled_action_action_max_abs: 0.00390625
>>> COMPILE compiled_action_action_mean_abs: 0.0003246783744543791
>>> COMPILE compiled_action_action_relative_l2: 0.0005465972353704274
>>> COMPILE compiled_action_state_max_abs: 0.0
>>> COMPILE compiled_action_state_mean_abs: 0.0
>>> COMPILE compiled_action_state_relative_l2: 0.0
>>> COMPILE compiled_action_video_max_abs: 0.00390625
>>> COMPILE compiled_action_video_mean_abs: 0.0003298185474704951
>>> COMPILE compiled_action_video_relative_l2: 0.0006917223217897117
>>> COMPILE compiled_state_action_max_abs: 0.0
>>> COMPILE compiled_state_action_mean_abs: 0.0
>>> COMPILE compiled_state_action_relative_l2: 0.0
>>> COMPILE compiled_state_state_max_abs: 0.001953125
>>> COMPILE compiled_state_state_mean_abs: 0.0002810955047607422
>>> COMPILE compiled_state_state_relative_l2: 0.00044877015170641243
>>> COMPILE compiled_state_video_max_abs: 0.0025634765625
>>> COMPILE compiled_state_video_mean_abs: 0.0003064855409320444
>>> COMPILE compiled_state_video_relative_l2: 0.0006323810666799545
>>> COMPILE eager_probe_action_seconds: 0.925744348205626
>>> COMPILE eager_probe_state_seconds: 0.6548258452676237
>>> COMPILE exported_eager_action_action_max_abs: 0.0
>>> COMPILE exported_eager_action_action_mean_abs: 0.0
>>> COMPILE exported_eager_action_action_relative_l2: 0.0
>>> COMPILE exported_eager_action_seconds: 0.24213895108550787
>>> COMPILE exported_eager_action_video_max_abs: 0.0
>>> COMPILE exported_eager_action_video_mean_abs: 0.0
>>> COMPILE exported_eager_action_video_relative_l2: 0.0
>>> COMPILE exported_eager_state_seconds: 0.24581562913954258
>>> COMPILE exported_eager_state_state_max_abs: 0.0
>>> COMPILE exported_eager_state_state_mean_abs: 0.0
>>> COMPILE exported_eager_state_state_relative_l2: 0.0
>>> COMPILE exported_eager_state_video_max_abs: 0.0
>>> COMPILE exported_eager_state_video_mean_abs: 0.0
>>> COMPILE exported_eager_state_video_relative_l2: 0.0
>>> COMPILE generic_export_inputs: 1867
>>> COMPILE generic_export_seconds: 0.0
>>> COMPILE generic_first_action_seconds: 0.2879355764016509
>>> COMPILE generic_first_state_seconds: 0.16114700585603714
>>> COMPILE generic_graph_cache_hit: 1
>>> COMPILE generic_graph_cache_load_seconds: 1.1637676092796028
>>> COMPILE generic_head_abi_tensors: 347
>>> COMPILE semantic_action_action_max_abs: 0.0
>>> COMPILE semantic_action_action_mean_abs: 0.0
>>> COMPILE semantic_action_action_relative_l2: 0.0
>>> COMPILE semantic_action_video_max_abs: 0.0
>>> COMPILE semantic_action_video_mean_abs: 0.0
>>> COMPILE semantic_action_video_relative_l2: 0.0
>>> COMPILE semantic_state_state_max_abs: 0.0
>>> COMPILE semantic_state_state_mean_abs: 0.0
>>> COMPILE semantic_state_state_relative_l2: 0.0
>>> COMPILE semantic_state_video_max_abs: 0.0
>>> COMPILE semantic_state_video_mean_abs: 0.0
>>> COMPILE semantic_state_video_relative_l2: 0.0

real	3m23.338s
user	140m1.460s
sys	1m27.641s
